<?xml version="1.0" encoding="UTF-8"?>
<!-- Generated by org.testng.reporters.JUnitXMLReporter -->
<testsuite ignored="0" hostname="e9d8d6d41b225be" failures="0" tests="6" name="suite_example" time="0.101" errors="0" timestamp="2023-03-30T16:50:01 IST">
  <testcase classname="com.ust.test.FirstTest" name="f" time="0.009"/>
  <testcase classname="com.ust.test.FirstTest" name="a" time="0.002"/>
  <testcase classname="com.ust.test.SecondTest" name="f" time="0.002"/>
  <testcase classname="com.ust.test.SecondTest" name="a" time="0.002"/>
  <testcase classname="com.ust.test.ThirdTest" name="f" time="0.001"/>
  <testcase classname="com.ust.test.ThirdTest" name="a" time="0.001"/>
</testsuite> <!-- suite_example -->
